2024-08-07 08:04:29,834 :: INFO :: Mantis work-notes notification process started :: Message Source:- file-"mantis_worknotes_notification" & method-"mantis_worknotes_notification"
2024-08-07 08:04:29,834 :: INFO :: Fetching data from Mantis started :: Message Source:- file-"mantis_worknotes_notification" & method-"__get_data_from_mantis_api"
2024-08-07 08:04:29,874 :: DEBUG :: Starting new HTTP connection (1): localhost:8080 :: Message Source:- file-"connectionpool" & method-"_new_conn"
2024-08-07 08:04:30,165 :: DEBUG :: http://localhost:8080 "GET /mantis/api/rest/issues/5?project_id=1&page_size=50&page=1 HTTP/11" 200 11012 :: Message Source:- file-"connectionpool" & method-"_make_request"
2024-08-07 08:04:30,203 :: DEBUG :: STREAM b'IHDR' 16 13 :: Message Source:- file-"PngImagePlugin" & method-"call"
2024-08-07 08:04:30,203 :: DEBUG :: STREAM b'sRGB' 41 1 :: Message Source:- file-"PngImagePlugin" & method-"call"
2024-08-07 08:04:30,203 :: DEBUG :: STREAM b'gAMA' 54 4 :: Message Source:- file-"PngImagePlugin" & method-"call"
2024-08-07 08:04:30,203 :: DEBUG :: STREAM b'pHYs' 70 9 :: Message Source:- file-"PngImagePlugin" & method-"call"
2024-08-07 08:04:30,203 :: DEBUG :: STREAM b'IDAT' 91 7708 :: Message Source:- file-"PngImagePlugin" & method-"call"
2024-08-07 08:04:30,226 :: DEBUG :: STREAM b'IHDR' 16 13 :: Message Source:- file-"PngImagePlugin" & method-"call"
2024-08-07 08:04:30,226 :: DEBUG :: STREAM b'sRGB' 41 1 :: Message Source:- file-"PngImagePlugin" & method-"call"
2024-08-07 08:04:30,226 :: DEBUG :: STREAM b'gAMA' 54 4 :: Message Source:- file-"PngImagePlugin" & method-"call"
2024-08-07 08:04:30,226 :: DEBUG :: STREAM b'pHYs' 70 9 :: Message Source:- file-"PngImagePlugin" & method-"call"
2024-08-07 08:04:30,226 :: DEBUG :: STREAM b'IDAT' 91 7708 :: Message Source:- file-"PngImagePlugin" & method-"call"
2024-08-07 08:04:30,250 :: DEBUG :: STREAM b'IHDR' 16 13 :: Message Source:- file-"PngImagePlugin" & method-"call"
2024-08-07 08:04:30,250 :: DEBUG :: STREAM b'sRGB' 41 1 :: Message Source:- file-"PngImagePlugin" & method-"call"
2024-08-07 08:04:30,250 :: DEBUG :: STREAM b'gAMA' 54 4 :: Message Source:- file-"PngImagePlugin" & method-"call"
2024-08-07 08:04:30,250 :: DEBUG :: STREAM b'pHYs' 70 9 :: Message Source:- file-"PngImagePlugin" & method-"call"
2024-08-07 08:04:30,250 :: DEBUG :: STREAM b'IDAT' 91 7708 :: Message Source:- file-"PngImagePlugin" & method-"call"
2024-08-07 08:04:30,260 :: DEBUG :: STREAM b'IHDR' 16 13 :: Message Source:- file-"PngImagePlugin" & method-"call"
2024-08-07 08:04:30,260 :: DEBUG :: STREAM b'sRGB' 41 1 :: Message Source:- file-"PngImagePlugin" & method-"call"
2024-08-07 08:04:30,260 :: DEBUG :: STREAM b'gAMA' 54 4 :: Message Source:- file-"PngImagePlugin" & method-"call"
2024-08-07 08:04:30,260 :: DEBUG :: STREAM b'pHYs' 70 9 :: Message Source:- file-"PngImagePlugin" & method-"call"
2024-08-07 08:04:30,260 :: DEBUG :: STREAM b'IDAT' 91 7708 :: Message Source:- file-"PngImagePlugin" & method-"call"
2024-08-07 08:04:30,269 :: DEBUG :: STREAM b'IHDR' 16 13 :: Message Source:- file-"PngImagePlugin" & method-"call"
2024-08-07 08:04:30,269 :: DEBUG :: STREAM b'sRGB' 41 1 :: Message Source:- file-"PngImagePlugin" & method-"call"
2024-08-07 08:04:30,269 :: DEBUG :: STREAM b'gAMA' 54 4 :: Message Source:- file-"PngImagePlugin" & method-"call"
2024-08-07 08:04:30,269 :: DEBUG :: STREAM b'pHYs' 70 9 :: Message Source:- file-"PngImagePlugin" & method-"call"
2024-08-07 08:04:30,269 :: DEBUG :: STREAM b'IDAT' 91 7708 :: Message Source:- file-"PngImagePlugin" & method-"call"
2024-08-07 08:04:30,299 :: DEBUG :: STREAM b'IHDR' 16 13 :: Message Source:- file-"PngImagePlugin" & method-"call"
2024-08-07 08:04:30,299 :: DEBUG :: STREAM b'sRGB' 41 1 :: Message Source:- file-"PngImagePlugin" & method-"call"
2024-08-07 08:04:30,299 :: DEBUG :: STREAM b'gAMA' 54 4 :: Message Source:- file-"PngImagePlugin" & method-"call"
2024-08-07 08:04:30,299 :: DEBUG :: STREAM b'pHYs' 70 9 :: Message Source:- file-"PngImagePlugin" & method-"call"
2024-08-07 08:04:30,299 :: DEBUG :: STREAM b'IDAT' 91 7708 :: Message Source:- file-"PngImagePlugin" & method-"call"
2024-08-07 08:04:30,308 :: DEBUG :: STREAM b'IHDR' 16 13 :: Message Source:- file-"PngImagePlugin" & method-"call"
2024-08-07 08:04:30,308 :: DEBUG :: STREAM b'sRGB' 41 1 :: Message Source:- file-"PngImagePlugin" & method-"call"
2024-08-07 08:04:30,308 :: DEBUG :: STREAM b'gAMA' 54 4 :: Message Source:- file-"PngImagePlugin" & method-"call"
2024-08-07 08:04:30,308 :: DEBUG :: STREAM b'pHYs' 70 9 :: Message Source:- file-"PngImagePlugin" & method-"call"
2024-08-07 08:04:30,308 :: DEBUG :: STREAM b'IDAT' 91 7708 :: Message Source:- file-"PngImagePlugin" & method-"call"
2024-08-07 08:04:30,318 :: DEBUG :: STREAM b'IHDR' 16 13 :: Message Source:- file-"PngImagePlugin" & method-"call"
2024-08-07 08:04:30,319 :: DEBUG :: STREAM b'sRGB' 41 1 :: Message Source:- file-"PngImagePlugin" & method-"call"
2024-08-07 08:04:30,319 :: DEBUG :: STREAM b'gAMA' 54 4 :: Message Source:- file-"PngImagePlugin" & method-"call"
2024-08-07 08:04:30,319 :: DEBUG :: STREAM b'pHYs' 70 9 :: Message Source:- file-"PngImagePlugin" & method-"call"
2024-08-07 08:04:30,319 :: DEBUG :: STREAM b'IDAT' 91 7708 :: Message Source:- file-"PngImagePlugin" & method-"call"
2024-08-07 08:04:30,329 :: DEBUG :: STREAM b'IHDR' 16 13 :: Message Source:- file-"PngImagePlugin" & method-"call"
2024-08-07 08:04:30,329 :: DEBUG :: STREAM b'sRGB' 41 1 :: Message Source:- file-"PngImagePlugin" & method-"call"
2024-08-07 08:04:30,329 :: DEBUG :: STREAM b'gAMA' 54 4 :: Message Source:- file-"PngImagePlugin" & method-"call"
2024-08-07 08:04:30,329 :: DEBUG :: STREAM b'pHYs' 70 9 :: Message Source:- file-"PngImagePlugin" & method-"call"
2024-08-07 08:04:30,329 :: DEBUG :: STREAM b'IDAT' 91 7708 :: Message Source:- file-"PngImagePlugin" & method-"call"
2024-08-07 08:04:30,338 :: INFO :: Fetching data from Mantis completed :: Message Source:- file-"mantis_worknotes_notification" & method-"__get_data_from_mantis_api"
2024-08-07 08:04:30,338 :: INFO :: Sending data to MSMQ started :: Message Source:- file-"mantis_worknotes_notification" & method-"__send_data_to_queue"
2024-08-07 08:04:30,353 :: INFO :: Sent work note to queue: Issue Id - 5 :: Failure in third party API call not handled. getting very random error and not user friendly :: test2 :: Message Source:- file-"mantis_worknotes_notification" & method-"__send_notes_to_queue"
2024-08-07 08:04:30,354 :: INFO :: Sent work note to queue: Issue Id - 5 :: Failure in third party API call not handled. getting very random error and not user friendly :: test :: Message Source:- file-"mantis_worknotes_notification" & method-"__send_notes_to_queue"
2024-08-07 08:04:30,356 :: INFO :: Sent work note to queue: Issue Id - 5 :: Failure in third party API call not handled. getting very random error and not user friendly :: testing by Karan :: Message Source:- file-"mantis_worknotes_notification" & method-"__send_notes_to_queue"
2024-08-07 08:04:30,356 :: INFO :: Sending data to MSMQ ended - Data Successfully sent to queue :: Message Source:- file-"mantis_worknotes_notification" & method-"__send_data_to_queue"
2024-08-07 08:04:30,356 :: INFO :: MSMQ messages email trigger process started :: Message Source:- file-"mantis_worknotes_notification" & method-"__send_email"
2024-08-07 08:04:31,368 :: INFO :: MSMQ messages email trigger process ended :: Message Source:- file-"mantis_worknotes_notification" & method-"__send_email"
2024-08-07 08:04:31,368 :: INFO :: Mantis work-notes notification process ended :: Message Source:- file-"mantis_worknotes_notification" & method-"mantis_worknotes_notification"
2024-08-07 08:05:00,740 :: INFO :: Mantis work-notes notification process started :: Message Source:- file-"mantis_worknotes_notification" & method-"mantis_worknotes_notification"
2024-08-07 08:05:00,741 :: INFO :: Fetching data from Mantis started :: Message Source:- file-"mantis_worknotes_notification" & method-"__get_data_from_mantis_api"
2024-08-07 08:05:00,778 :: DEBUG :: Starting new HTTP connection (1): localhost:8080 :: Message Source:- file-"connectionpool" & method-"_new_conn"
2024-08-07 08:05:01,003 :: DEBUG :: http://localhost:8080 "GET /mantis/api/rest/issues/5?project_id=1&page_size=50&page=1 HTTP/11" 200 11012 :: Message Source:- file-"connectionpool" & method-"_make_request"
2024-08-07 08:05:01,036 :: DEBUG :: STREAM b'IHDR' 16 13 :: Message Source:- file-"PngImagePlugin" & method-"call"
2024-08-07 08:05:01,036 :: DEBUG :: STREAM b'sRGB' 41 1 :: Message Source:- file-"PngImagePlugin" & method-"call"
2024-08-07 08:05:01,036 :: DEBUG :: STREAM b'gAMA' 54 4 :: Message Source:- file-"PngImagePlugin" & method-"call"
2024-08-07 08:05:01,036 :: DEBUG :: STREAM b'pHYs' 70 9 :: Message Source:- file-"PngImagePlugin" & method-"call"
2024-08-07 08:05:01,036 :: DEBUG :: STREAM b'IDAT' 91 7708 :: Message Source:- file-"PngImagePlugin" & method-"call"
2024-08-07 08:05:01,049 :: DEBUG :: STREAM b'IHDR' 16 13 :: Message Source:- file-"PngImagePlugin" & method-"call"
2024-08-07 08:05:01,050 :: DEBUG :: STREAM b'sRGB' 41 1 :: Message Source:- file-"PngImagePlugin" & method-"call"
2024-08-07 08:05:01,050 :: DEBUG :: STREAM b'gAMA' 54 4 :: Message Source:- file-"PngImagePlugin" & method-"call"
2024-08-07 08:05:01,050 :: DEBUG :: STREAM b'pHYs' 70 9 :: Message Source:- file-"PngImagePlugin" & method-"call"
2024-08-07 08:05:01,050 :: DEBUG :: STREAM b'IDAT' 91 7708 :: Message Source:- file-"PngImagePlugin" & method-"call"
2024-08-07 08:05:01,086 :: DEBUG :: STREAM b'IHDR' 16 13 :: Message Source:- file-"PngImagePlugin" & method-"call"
2024-08-07 08:05:01,086 :: DEBUG :: STREAM b'sRGB' 41 1 :: Message Source:- file-"PngImagePlugin" & method-"call"
2024-08-07 08:05:01,086 :: DEBUG :: STREAM b'gAMA' 54 4 :: Message Source:- file-"PngImagePlugin" & method-"call"
2024-08-07 08:05:01,086 :: DEBUG :: STREAM b'pHYs' 70 9 :: Message Source:- file-"PngImagePlugin" & method-"call"
2024-08-07 08:05:01,086 :: DEBUG :: STREAM b'IDAT' 91 7708 :: Message Source:- file-"PngImagePlugin" & method-"call"
2024-08-07 08:05:01,095 :: DEBUG :: STREAM b'IHDR' 16 13 :: Message Source:- file-"PngImagePlugin" & method-"call"
2024-08-07 08:05:01,095 :: DEBUG :: STREAM b'sRGB' 41 1 :: Message Source:- file-"PngImagePlugin" & method-"call"
2024-08-07 08:05:01,095 :: DEBUG :: STREAM b'gAMA' 54 4 :: Message Source:- file-"PngImagePlugin" & method-"call"
2024-08-07 08:05:01,095 :: DEBUG :: STREAM b'pHYs' 70 9 :: Message Source:- file-"PngImagePlugin" & method-"call"
2024-08-07 08:05:01,095 :: DEBUG :: STREAM b'IDAT' 91 7708 :: Message Source:- file-"PngImagePlugin" & method-"call"
2024-08-07 08:05:01,106 :: DEBUG :: STREAM b'IHDR' 16 13 :: Message Source:- file-"PngImagePlugin" & method-"call"
2024-08-07 08:05:01,106 :: DEBUG :: STREAM b'sRGB' 41 1 :: Message Source:- file-"PngImagePlugin" & method-"call"
2024-08-07 08:05:01,106 :: DEBUG :: STREAM b'gAMA' 54 4 :: Message Source:- file-"PngImagePlugin" & method-"call"
2024-08-07 08:05:01,106 :: DEBUG :: STREAM b'pHYs' 70 9 :: Message Source:- file-"PngImagePlugin" & method-"call"
2024-08-07 08:05:01,106 :: DEBUG :: STREAM b'IDAT' 91 7708 :: Message Source:- file-"PngImagePlugin" & method-"call"
2024-08-07 08:05:01,134 :: DEBUG :: STREAM b'IHDR' 16 13 :: Message Source:- file-"PngImagePlugin" & method-"call"
2024-08-07 08:05:01,134 :: DEBUG :: STREAM b'sRGB' 41 1 :: Message Source:- file-"PngImagePlugin" & method-"call"
2024-08-07 08:05:01,134 :: DEBUG :: STREAM b'gAMA' 54 4 :: Message Source:- file-"PngImagePlugin" & method-"call"
2024-08-07 08:05:01,134 :: DEBUG :: STREAM b'pHYs' 70 9 :: Message Source:- file-"PngImagePlugin" & method-"call"
2024-08-07 08:05:01,134 :: DEBUG :: STREAM b'IDAT' 91 7708 :: Message Source:- file-"PngImagePlugin" & method-"call"
2024-08-07 08:05:01,143 :: DEBUG :: STREAM b'IHDR' 16 13 :: Message Source:- file-"PngImagePlugin" & method-"call"
2024-08-07 08:05:01,143 :: DEBUG :: STREAM b'sRGB' 41 1 :: Message Source:- file-"PngImagePlugin" & method-"call"
2024-08-07 08:05:01,143 :: DEBUG :: STREAM b'gAMA' 54 4 :: Message Source:- file-"PngImagePlugin" & method-"call"
2024-08-07 08:05:01,143 :: DEBUG :: STREAM b'pHYs' 70 9 :: Message Source:- file-"PngImagePlugin" & method-"call"
2024-08-07 08:05:01,143 :: DEBUG :: STREAM b'IDAT' 91 7708 :: Message Source:- file-"PngImagePlugin" & method-"call"
2024-08-07 08:05:01,153 :: DEBUG :: STREAM b'IHDR' 16 13 :: Message Source:- file-"PngImagePlugin" & method-"call"
2024-08-07 08:05:01,153 :: DEBUG :: STREAM b'sRGB' 41 1 :: Message Source:- file-"PngImagePlugin" & method-"call"
2024-08-07 08:05:01,153 :: DEBUG :: STREAM b'gAMA' 54 4 :: Message Source:- file-"PngImagePlugin" & method-"call"
2024-08-07 08:05:01,153 :: DEBUG :: STREAM b'pHYs' 70 9 :: Message Source:- file-"PngImagePlugin" & method-"call"
2024-08-07 08:05:01,153 :: DEBUG :: STREAM b'IDAT' 91 7708 :: Message Source:- file-"PngImagePlugin" & method-"call"
2024-08-07 08:05:01,162 :: DEBUG :: STREAM b'IHDR' 16 13 :: Message Source:- file-"PngImagePlugin" & method-"call"
2024-08-07 08:05:01,162 :: DEBUG :: STREAM b'sRGB' 41 1 :: Message Source:- file-"PngImagePlugin" & method-"call"
2024-08-07 08:05:01,162 :: DEBUG :: STREAM b'gAMA' 54 4 :: Message Source:- file-"PngImagePlugin" & method-"call"
2024-08-07 08:05:01,162 :: DEBUG :: STREAM b'pHYs' 70 9 :: Message Source:- file-"PngImagePlugin" & method-"call"
2024-08-07 08:05:01,162 :: DEBUG :: STREAM b'IDAT' 91 7708 :: Message Source:- file-"PngImagePlugin" & method-"call"
2024-08-07 08:05:01,171 :: INFO :: Fetching data from Mantis completed :: Message Source:- file-"mantis_worknotes_notification" & method-"__get_data_from_mantis_api"
2024-08-07 08:05:01,171 :: INFO :: Sending data to MSMQ started :: Message Source:- file-"mantis_worknotes_notification" & method-"__send_data_to_queue"
2024-08-07 08:05:01,186 :: INFO :: Sent work note to queue: Issue Id - 5 :: Failure in third party API call not handled. getting very random error and not user friendly :: test2 :: Message Source:- file-"mantis_worknotes_notification" & method-"__send_notes_to_queue"
2024-08-07 08:05:01,188 :: INFO :: Sent work note to queue: Issue Id - 5 :: Failure in third party API call not handled. getting very random error and not user friendly :: test :: Message Source:- file-"mantis_worknotes_notification" & method-"__send_notes_to_queue"
2024-08-07 08:05:01,189 :: INFO :: Sent work note to queue: Issue Id - 5 :: Failure in third party API call not handled. getting very random error and not user friendly :: testing by Karan :: Message Source:- file-"mantis_worknotes_notification" & method-"__send_notes_to_queue"
2024-08-07 08:05:01,189 :: INFO :: Sending data to MSMQ ended - Data Successfully sent to queue :: Message Source:- file-"mantis_worknotes_notification" & method-"__send_data_to_queue"
2024-08-07 08:05:01,189 :: INFO :: MSMQ messages email trigger process started :: Message Source:- file-"mantis_worknotes_notification" & method-"__send_email"
2024-08-07 08:05:01,191 :: ERROR :: MSMQ messages email trigger process failed: Failed to send email for the Messages in queue: Expecting value: line 1 column 1 (char 0) :: Message Source:- file-"mantis_worknotes_notification" & method-"__send_email"
2024-08-07 08:05:01,191 :: ERROR :: Mantis work-notes notification process failed : MSMQ messages email trigger process failed: Failed to send email for the Messages in queue: Expecting value: line 1 column 1 (char 0) :: Message Source:- file-"mantis_worknotes_notification" & method-"mantis_worknotes_notification"
2024-08-07 08:05:19,571 :: INFO :: Mantis work-notes notification process started :: Message Source:- file-"mantis_worknotes_notification" & method-"mantis_worknotes_notification"
2024-08-07 08:05:19,571 :: INFO :: Fetching data from Mantis started :: Message Source:- file-"mantis_worknotes_notification" & method-"__get_data_from_mantis_api"
2024-08-07 08:05:19,609 :: DEBUG :: Starting new HTTP connection (1): localhost:8080 :: Message Source:- file-"connectionpool" & method-"_new_conn"
2024-08-07 08:05:19,971 :: DEBUG :: http://localhost:8080 "GET /mantis/api/rest/issues/5?project_id=1&page_size=50&page=1 HTTP/11" 200 11012 :: Message Source:- file-"connectionpool" & method-"_make_request"
2024-08-07 08:05:20,009 :: DEBUG :: STREAM b'IHDR' 16 13 :: Message Source:- file-"PngImagePlugin" & method-"call"
2024-08-07 08:05:20,009 :: DEBUG :: STREAM b'sRGB' 41 1 :: Message Source:- file-"PngImagePlugin" & method-"call"
2024-08-07 08:05:20,009 :: DEBUG :: STREAM b'gAMA' 54 4 :: Message Source:- file-"PngImagePlugin" & method-"call"
2024-08-07 08:05:20,009 :: DEBUG :: STREAM b'pHYs' 70 9 :: Message Source:- file-"PngImagePlugin" & method-"call"
2024-08-07 08:05:20,009 :: DEBUG :: STREAM b'IDAT' 91 7708 :: Message Source:- file-"PngImagePlugin" & method-"call"
2024-08-07 08:05:20,018 :: DEBUG :: STREAM b'IHDR' 16 13 :: Message Source:- file-"PngImagePlugin" & method-"call"
2024-08-07 08:05:20,018 :: DEBUG :: STREAM b'sRGB' 41 1 :: Message Source:- file-"PngImagePlugin" & method-"call"
2024-08-07 08:05:20,018 :: DEBUG :: STREAM b'gAMA' 54 4 :: Message Source:- file-"PngImagePlugin" & method-"call"
2024-08-07 08:05:20,018 :: DEBUG :: STREAM b'pHYs' 70 9 :: Message Source:- file-"PngImagePlugin" & method-"call"
2024-08-07 08:05:20,018 :: DEBUG :: STREAM b'IDAT' 91 7708 :: Message Source:- file-"PngImagePlugin" & method-"call"
2024-08-07 08:05:20,044 :: DEBUG :: STREAM b'IHDR' 16 13 :: Message Source:- file-"PngImagePlugin" & method-"call"
2024-08-07 08:05:20,044 :: DEBUG :: STREAM b'sRGB' 41 1 :: Message Source:- file-"PngImagePlugin" & method-"call"
2024-08-07 08:05:20,044 :: DEBUG :: STREAM b'gAMA' 54 4 :: Message Source:- file-"PngImagePlugin" & method-"call"
2024-08-07 08:05:20,044 :: DEBUG :: STREAM b'pHYs' 70 9 :: Message Source:- file-"PngImagePlugin" & method-"call"
2024-08-07 08:05:20,044 :: DEBUG :: STREAM b'IDAT' 91 7708 :: Message Source:- file-"PngImagePlugin" & method-"call"
2024-08-07 08:05:20,053 :: DEBUG :: STREAM b'IHDR' 16 13 :: Message Source:- file-"PngImagePlugin" & method-"call"
2024-08-07 08:05:20,053 :: DEBUG :: STREAM b'sRGB' 41 1 :: Message Source:- file-"PngImagePlugin" & method-"call"
2024-08-07 08:05:20,053 :: DEBUG :: STREAM b'gAMA' 54 4 :: Message Source:- file-"PngImagePlugin" & method-"call"
2024-08-07 08:05:20,053 :: DEBUG :: STREAM b'pHYs' 70 9 :: Message Source:- file-"PngImagePlugin" & method-"call"
2024-08-07 08:05:20,054 :: DEBUG :: STREAM b'IDAT' 91 7708 :: Message Source:- file-"PngImagePlugin" & method-"call"
2024-08-07 08:05:20,064 :: DEBUG :: STREAM b'IHDR' 16 13 :: Message Source:- file-"PngImagePlugin" & method-"call"
2024-08-07 08:05:20,064 :: DEBUG :: STREAM b'sRGB' 41 1 :: Message Source:- file-"PngImagePlugin" & method-"call"
2024-08-07 08:05:20,064 :: DEBUG :: STREAM b'gAMA' 54 4 :: Message Source:- file-"PngImagePlugin" & method-"call"
2024-08-07 08:05:20,064 :: DEBUG :: STREAM b'pHYs' 70 9 :: Message Source:- file-"PngImagePlugin" & method-"call"
2024-08-07 08:05:20,064 :: DEBUG :: STREAM b'IDAT' 91 7708 :: Message Source:- file-"PngImagePlugin" & method-"call"
2024-08-07 08:05:20,076 :: DEBUG :: STREAM b'IHDR' 16 13 :: Message Source:- file-"PngImagePlugin" & method-"call"
2024-08-07 08:05:20,076 :: DEBUG :: STREAM b'sRGB' 41 1 :: Message Source:- file-"PngImagePlugin" & method-"call"
2024-08-07 08:05:20,076 :: DEBUG :: STREAM b'gAMA' 54 4 :: Message Source:- file-"PngImagePlugin" & method-"call"
2024-08-07 08:05:20,076 :: DEBUG :: STREAM b'pHYs' 70 9 :: Message Source:- file-"PngImagePlugin" & method-"call"
2024-08-07 08:05:20,076 :: DEBUG :: STREAM b'IDAT' 91 7708 :: Message Source:- file-"PngImagePlugin" & method-"call"
2024-08-07 08:05:20,085 :: DEBUG :: STREAM b'IHDR' 16 13 :: Message Source:- file-"PngImagePlugin" & method-"call"
2024-08-07 08:05:20,085 :: DEBUG :: STREAM b'sRGB' 41 1 :: Message Source:- file-"PngImagePlugin" & method-"call"
2024-08-07 08:05:20,085 :: DEBUG :: STREAM b'gAMA' 54 4 :: Message Source:- file-"PngImagePlugin" & method-"call"
2024-08-07 08:05:20,085 :: DEBUG :: STREAM b'pHYs' 70 9 :: Message Source:- file-"PngImagePlugin" & method-"call"
2024-08-07 08:05:20,085 :: DEBUG :: STREAM b'IDAT' 91 7708 :: Message Source:- file-"PngImagePlugin" & method-"call"
2024-08-07 08:05:20,094 :: DEBUG :: STREAM b'IHDR' 16 13 :: Message Source:- file-"PngImagePlugin" & method-"call"
2024-08-07 08:05:20,094 :: DEBUG :: STREAM b'sRGB' 41 1 :: Message Source:- file-"PngImagePlugin" & method-"call"
2024-08-07 08:05:20,094 :: DEBUG :: STREAM b'gAMA' 54 4 :: Message Source:- file-"PngImagePlugin" & method-"call"
2024-08-07 08:05:20,094 :: DEBUG :: STREAM b'pHYs' 70 9 :: Message Source:- file-"PngImagePlugin" & method-"call"
2024-08-07 08:05:20,094 :: DEBUG :: STREAM b'IDAT' 91 7708 :: Message Source:- file-"PngImagePlugin" & method-"call"
2024-08-07 08:05:20,104 :: DEBUG :: STREAM b'IHDR' 16 13 :: Message Source:- file-"PngImagePlugin" & method-"call"
2024-08-07 08:05:20,104 :: DEBUG :: STREAM b'sRGB' 41 1 :: Message Source:- file-"PngImagePlugin" & method-"call"
2024-08-07 08:05:20,104 :: DEBUG :: STREAM b'gAMA' 54 4 :: Message Source:- file-"PngImagePlugin" & method-"call"
2024-08-07 08:05:20,104 :: DEBUG :: STREAM b'pHYs' 70 9 :: Message Source:- file-"PngImagePlugin" & method-"call"
2024-08-07 08:05:20,104 :: DEBUG :: STREAM b'IDAT' 91 7708 :: Message Source:- file-"PngImagePlugin" & method-"call"
2024-08-07 08:05:20,113 :: INFO :: Fetching data from Mantis completed :: Message Source:- file-"mantis_worknotes_notification" & method-"__get_data_from_mantis_api"
2024-08-07 08:05:20,113 :: INFO :: Sending data to MSMQ started :: Message Source:- file-"mantis_worknotes_notification" & method-"__send_data_to_queue"
2024-08-07 08:05:20,128 :: INFO :: Sent work note to queue: Issue Id - 5 :: Failure in third party API call not handled. getting very random error and not user friendly :: test2 :: Message Source:- file-"mantis_worknotes_notification" & method-"__send_notes_to_queue"
2024-08-07 08:05:20,130 :: INFO :: Sent work note to queue: Issue Id - 5 :: Failure in third party API call not handled. getting very random error and not user friendly :: test :: Message Source:- file-"mantis_worknotes_notification" & method-"__send_notes_to_queue"
2024-08-07 08:05:20,131 :: INFO :: Sent work note to queue: Issue Id - 5 :: Failure in third party API call not handled. getting very random error and not user friendly :: testing by Karan :: Message Source:- file-"mantis_worknotes_notification" & method-"__send_notes_to_queue"
2024-08-07 08:05:20,131 :: INFO :: Sending data to MSMQ ended - Data Successfully sent to queue :: Message Source:- file-"mantis_worknotes_notification" & method-"__send_data_to_queue"
2024-08-07 08:05:20,131 :: INFO :: MSMQ messages email trigger process started :: Message Source:- file-"mantis_worknotes_notification" & method-"__send_email"
2024-08-07 08:05:20,133 :: ERROR :: MSMQ messages email trigger process failed: Failed to send email for the Messages in queue: Expecting value: line 1 column 1 (char 0) :: Message Source:- file-"mantis_worknotes_notification" & method-"__send_email"
2024-08-07 08:05:20,133 :: ERROR :: Mantis work-notes notification process failed : MSMQ messages email trigger process failed: Failed to send email for the Messages in queue: Expecting value: line 1 column 1 (char 0) :: Message Source:- file-"mantis_worknotes_notification" & method-"mantis_worknotes_notification"
2024-08-07 08:05:34,883 :: INFO :: Mantis work-notes notification process started :: Message Source:- file-"mantis_worknotes_notification" & method-"mantis_worknotes_notification"
2024-08-07 08:05:34,883 :: INFO :: Fetching data from Mantis started :: Message Source:- file-"mantis_worknotes_notification" & method-"__get_data_from_mantis_api"
2024-08-07 08:05:34,922 :: DEBUG :: Starting new HTTP connection (1): localhost:8080 :: Message Source:- file-"connectionpool" & method-"_new_conn"
2024-08-07 08:05:35,206 :: DEBUG :: http://localhost:8080 "GET /mantis/api/rest/issues/5?project_id=1&page_size=50&page=1 HTTP/11" 200 11012 :: Message Source:- file-"connectionpool" & method-"_make_request"
2024-08-07 08:05:35,237 :: DEBUG :: STREAM b'IHDR' 16 13 :: Message Source:- file-"PngImagePlugin" & method-"call"
2024-08-07 08:05:35,237 :: DEBUG :: STREAM b'sRGB' 41 1 :: Message Source:- file-"PngImagePlugin" & method-"call"
2024-08-07 08:05:35,237 :: DEBUG :: STREAM b'gAMA' 54 4 :: Message Source:- file-"PngImagePlugin" & method-"call"
2024-08-07 08:05:35,237 :: DEBUG :: STREAM b'pHYs' 70 9 :: Message Source:- file-"PngImagePlugin" & method-"call"
2024-08-07 08:05:35,237 :: DEBUG :: STREAM b'IDAT' 91 7708 :: Message Source:- file-"PngImagePlugin" & method-"call"
2024-08-07 08:05:35,246 :: DEBUG :: STREAM b'IHDR' 16 13 :: Message Source:- file-"PngImagePlugin" & method-"call"
2024-08-07 08:05:35,246 :: DEBUG :: STREAM b'sRGB' 41 1 :: Message Source:- file-"PngImagePlugin" & method-"call"
2024-08-07 08:05:35,246 :: DEBUG :: STREAM b'gAMA' 54 4 :: Message Source:- file-"PngImagePlugin" & method-"call"
2024-08-07 08:05:35,246 :: DEBUG :: STREAM b'pHYs' 70 9 :: Message Source:- file-"PngImagePlugin" & method-"call"
2024-08-07 08:05:35,246 :: DEBUG :: STREAM b'IDAT' 91 7708 :: Message Source:- file-"PngImagePlugin" & method-"call"
2024-08-07 08:05:35,345 :: DEBUG :: STREAM b'IHDR' 16 13 :: Message Source:- file-"PngImagePlugin" & method-"call"
2024-08-07 08:05:35,346 :: DEBUG :: STREAM b'sRGB' 41 1 :: Message Source:- file-"PngImagePlugin" & method-"call"
2024-08-07 08:05:35,346 :: DEBUG :: STREAM b'gAMA' 54 4 :: Message Source:- file-"PngImagePlugin" & method-"call"
2024-08-07 08:05:35,346 :: DEBUG :: STREAM b'pHYs' 70 9 :: Message Source:- file-"PngImagePlugin" & method-"call"
2024-08-07 08:05:35,346 :: DEBUG :: STREAM b'IDAT' 91 7708 :: Message Source:- file-"PngImagePlugin" & method-"call"
2024-08-07 08:05:35,357 :: DEBUG :: STREAM b'IHDR' 16 13 :: Message Source:- file-"PngImagePlugin" & method-"call"
2024-08-07 08:05:35,357 :: DEBUG :: STREAM b'sRGB' 41 1 :: Message Source:- file-"PngImagePlugin" & method-"call"
2024-08-07 08:05:35,357 :: DEBUG :: STREAM b'gAMA' 54 4 :: Message Source:- file-"PngImagePlugin" & method-"call"
2024-08-07 08:05:35,357 :: DEBUG :: STREAM b'pHYs' 70 9 :: Message Source:- file-"PngImagePlugin" & method-"call"
2024-08-07 08:05:35,357 :: DEBUG :: STREAM b'IDAT' 91 7708 :: Message Source:- file-"PngImagePlugin" & method-"call"
2024-08-07 08:05:35,367 :: DEBUG :: STREAM b'IHDR' 16 13 :: Message Source:- file-"PngImagePlugin" & method-"call"
2024-08-07 08:05:35,367 :: DEBUG :: STREAM b'sRGB' 41 1 :: Message Source:- file-"PngImagePlugin" & method-"call"
2024-08-07 08:05:35,367 :: DEBUG :: STREAM b'gAMA' 54 4 :: Message Source:- file-"PngImagePlugin" & method-"call"
2024-08-07 08:05:35,367 :: DEBUG :: STREAM b'pHYs' 70 9 :: Message Source:- file-"PngImagePlugin" & method-"call"
2024-08-07 08:05:35,367 :: DEBUG :: STREAM b'IDAT' 91 7708 :: Message Source:- file-"PngImagePlugin" & method-"call"
2024-08-07 08:05:35,396 :: DEBUG :: STREAM b'IHDR' 16 13 :: Message Source:- file-"PngImagePlugin" & method-"call"
2024-08-07 08:05:35,396 :: DEBUG :: STREAM b'sRGB' 41 1 :: Message Source:- file-"PngImagePlugin" & method-"call"
2024-08-07 08:05:35,396 :: DEBUG :: STREAM b'gAMA' 54 4 :: Message Source:- file-"PngImagePlugin" & method-"call"
2024-08-07 08:05:35,398 :: DEBUG :: STREAM b'pHYs' 70 9 :: Message Source:- file-"PngImagePlugin" & method-"call"
2024-08-07 08:05:35,398 :: DEBUG :: STREAM b'IDAT' 91 7708 :: Message Source:- file-"PngImagePlugin" & method-"call"
2024-08-07 08:05:35,406 :: DEBUG :: STREAM b'IHDR' 16 13 :: Message Source:- file-"PngImagePlugin" & method-"call"
2024-08-07 08:05:35,406 :: DEBUG :: STREAM b'sRGB' 41 1 :: Message Source:- file-"PngImagePlugin" & method-"call"
2024-08-07 08:05:35,406 :: DEBUG :: STREAM b'gAMA' 54 4 :: Message Source:- file-"PngImagePlugin" & method-"call"
2024-08-07 08:05:35,406 :: DEBUG :: STREAM b'pHYs' 70 9 :: Message Source:- file-"PngImagePlugin" & method-"call"
2024-08-07 08:05:35,407 :: DEBUG :: STREAM b'IDAT' 91 7708 :: Message Source:- file-"PngImagePlugin" & method-"call"
2024-08-07 08:05:35,416 :: DEBUG :: STREAM b'IHDR' 16 13 :: Message Source:- file-"PngImagePlugin" & method-"call"
2024-08-07 08:05:35,416 :: DEBUG :: STREAM b'sRGB' 41 1 :: Message Source:- file-"PngImagePlugin" & method-"call"
2024-08-07 08:05:35,416 :: DEBUG :: STREAM b'gAMA' 54 4 :: Message Source:- file-"PngImagePlugin" & method-"call"
2024-08-07 08:05:35,416 :: DEBUG :: STREAM b'pHYs' 70 9 :: Message Source:- file-"PngImagePlugin" & method-"call"
2024-08-07 08:05:35,416 :: DEBUG :: STREAM b'IDAT' 91 7708 :: Message Source:- file-"PngImagePlugin" & method-"call"
2024-08-07 08:05:35,425 :: DEBUG :: STREAM b'IHDR' 16 13 :: Message Source:- file-"PngImagePlugin" & method-"call"
2024-08-07 08:05:35,425 :: DEBUG :: STREAM b'sRGB' 41 1 :: Message Source:- file-"PngImagePlugin" & method-"call"
2024-08-07 08:05:35,425 :: DEBUG :: STREAM b'gAMA' 54 4 :: Message Source:- file-"PngImagePlugin" & method-"call"
2024-08-07 08:05:35,425 :: DEBUG :: STREAM b'pHYs' 70 9 :: Message Source:- file-"PngImagePlugin" & method-"call"
2024-08-07 08:05:35,425 :: DEBUG :: STREAM b'IDAT' 91 7708 :: Message Source:- file-"PngImagePlugin" & method-"call"
2024-08-07 08:05:35,434 :: INFO :: Fetching data from Mantis completed :: Message Source:- file-"mantis_worknotes_notification" & method-"__get_data_from_mantis_api"
2024-08-07 08:05:35,434 :: INFO :: Sending data to MSMQ started :: Message Source:- file-"mantis_worknotes_notification" & method-"__send_data_to_queue"
2024-08-07 08:05:35,447 :: INFO :: Sent work note to queue: Issue Id - 5 :: Failure in third party API call not handled. getting very random error and not user friendly :: test2 :: Message Source:- file-"mantis_worknotes_notification" & method-"__send_notes_to_queue"
2024-08-07 08:05:35,448 :: INFO :: Sent work note to queue: Issue Id - 5 :: Failure in third party API call not handled. getting very random error and not user friendly :: test :: Message Source:- file-"mantis_worknotes_notification" & method-"__send_notes_to_queue"
2024-08-07 08:05:35,450 :: INFO :: Sent work note to queue: Issue Id - 5 :: Failure in third party API call not handled. getting very random error and not user friendly :: testing by Karan :: Message Source:- file-"mantis_worknotes_notification" & method-"__send_notes_to_queue"
2024-08-07 08:05:35,450 :: INFO :: Sending data to MSMQ ended - Data Successfully sent to queue :: Message Source:- file-"mantis_worknotes_notification" & method-"__send_data_to_queue"
2024-08-07 08:05:35,450 :: INFO :: MSMQ messages email trigger process started :: Message Source:- file-"mantis_worknotes_notification" & method-"__send_email"
2024-08-07 08:05:35,451 :: ERROR :: MSMQ messages email trigger process failed: Failed to send email for the Messages in queue: Expecting value: line 1 column 1 (char 0) :: Message Source:- file-"mantis_worknotes_notification" & method-"__send_email"
2024-08-07 08:05:35,451 :: ERROR :: Mantis work-notes notification process failed : MSMQ messages email trigger process failed: Failed to send email for the Messages in queue: Expecting value: line 1 column 1 (char 0) :: Message Source:- file-"mantis_worknotes_notification" & method-"mantis_worknotes_notification"
2024-08-07 08:06:25,681 :: INFO :: Mantis work-notes notification process started :: Message Source:- file-"mantis_worknotes_notification" & method-"mantis_worknotes_notification"
2024-08-07 08:06:25,681 :: INFO :: Fetching data from Mantis started :: Message Source:- file-"mantis_worknotes_notification" & method-"__get_data_from_mantis_api"
2024-08-07 08:06:25,737 :: DEBUG :: Starting new HTTP connection (1): localhost:8080 :: Message Source:- file-"connectionpool" & method-"_new_conn"
2024-08-07 08:06:26,105 :: DEBUG :: http://localhost:8080 "GET /mantis/api/rest/issues/5?project_id=1&page_size=50&page=1 HTTP/11" 200 11012 :: Message Source:- file-"connectionpool" & method-"_make_request"
2024-08-07 08:06:26,138 :: DEBUG :: STREAM b'IHDR' 16 13 :: Message Source:- file-"PngImagePlugin" & method-"call"
2024-08-07 08:06:26,138 :: DEBUG :: STREAM b'sRGB' 41 1 :: Message Source:- file-"PngImagePlugin" & method-"call"
2024-08-07 08:06:26,138 :: DEBUG :: STREAM b'gAMA' 54 4 :: Message Source:- file-"PngImagePlugin" & method-"call"
2024-08-07 08:06:26,138 :: DEBUG :: STREAM b'pHYs' 70 9 :: Message Source:- file-"PngImagePlugin" & method-"call"
2024-08-07 08:06:26,138 :: DEBUG :: STREAM b'IDAT' 91 7708 :: Message Source:- file-"PngImagePlugin" & method-"call"
2024-08-07 08:06:26,148 :: DEBUG :: STREAM b'IHDR' 16 13 :: Message Source:- file-"PngImagePlugin" & method-"call"
2024-08-07 08:06:26,148 :: DEBUG :: STREAM b'sRGB' 41 1 :: Message Source:- file-"PngImagePlugin" & method-"call"
2024-08-07 08:06:26,148 :: DEBUG :: STREAM b'gAMA' 54 4 :: Message Source:- file-"PngImagePlugin" & method-"call"
2024-08-07 08:06:26,148 :: DEBUG :: STREAM b'pHYs' 70 9 :: Message Source:- file-"PngImagePlugin" & method-"call"
2024-08-07 08:06:26,148 :: DEBUG :: STREAM b'IDAT' 91 7708 :: Message Source:- file-"PngImagePlugin" & method-"call"
2024-08-07 08:06:26,173 :: DEBUG :: STREAM b'IHDR' 16 13 :: Message Source:- file-"PngImagePlugin" & method-"call"
2024-08-07 08:06:26,173 :: DEBUG :: STREAM b'sRGB' 41 1 :: Message Source:- file-"PngImagePlugin" & method-"call"
2024-08-07 08:06:26,173 :: DEBUG :: STREAM b'gAMA' 54 4 :: Message Source:- file-"PngImagePlugin" & method-"call"
2024-08-07 08:06:26,173 :: DEBUG :: STREAM b'pHYs' 70 9 :: Message Source:- file-"PngImagePlugin" & method-"call"
2024-08-07 08:06:26,173 :: DEBUG :: STREAM b'IDAT' 91 7708 :: Message Source:- file-"PngImagePlugin" & method-"call"
2024-08-07 08:06:26,182 :: DEBUG :: STREAM b'IHDR' 16 13 :: Message Source:- file-"PngImagePlugin" & method-"call"
2024-08-07 08:06:26,182 :: DEBUG :: STREAM b'sRGB' 41 1 :: Message Source:- file-"PngImagePlugin" & method-"call"
2024-08-07 08:06:26,182 :: DEBUG :: STREAM b'gAMA' 54 4 :: Message Source:- file-"PngImagePlugin" & method-"call"
2024-08-07 08:06:26,182 :: DEBUG :: STREAM b'pHYs' 70 9 :: Message Source:- file-"PngImagePlugin" & method-"call"
2024-08-07 08:06:26,182 :: DEBUG :: STREAM b'IDAT' 91 7708 :: Message Source:- file-"PngImagePlugin" & method-"call"
2024-08-07 08:06:26,191 :: DEBUG :: STREAM b'IHDR' 16 13 :: Message Source:- file-"PngImagePlugin" & method-"call"
2024-08-07 08:06:26,191 :: DEBUG :: STREAM b'sRGB' 41 1 :: Message Source:- file-"PngImagePlugin" & method-"call"
2024-08-07 08:06:26,191 :: DEBUG :: STREAM b'gAMA' 54 4 :: Message Source:- file-"PngImagePlugin" & method-"call"
2024-08-07 08:06:26,191 :: DEBUG :: STREAM b'pHYs' 70 9 :: Message Source:- file-"PngImagePlugin" & method-"call"
2024-08-07 08:06:26,191 :: DEBUG :: STREAM b'IDAT' 91 7708 :: Message Source:- file-"PngImagePlugin" & method-"call"
2024-08-07 08:06:26,219 :: DEBUG :: STREAM b'IHDR' 16 13 :: Message Source:- file-"PngImagePlugin" & method-"call"
2024-08-07 08:06:26,220 :: DEBUG :: STREAM b'sRGB' 41 1 :: Message Source:- file-"PngImagePlugin" & method-"call"
2024-08-07 08:06:26,220 :: DEBUG :: STREAM b'gAMA' 54 4 :: Message Source:- file-"PngImagePlugin" & method-"call"
2024-08-07 08:06:26,220 :: DEBUG :: STREAM b'pHYs' 70 9 :: Message Source:- file-"PngImagePlugin" & method-"call"
2024-08-07 08:06:26,220 :: DEBUG :: STREAM b'IDAT' 91 7708 :: Message Source:- file-"PngImagePlugin" & method-"call"
2024-08-07 08:06:26,228 :: DEBUG :: STREAM b'IHDR' 16 13 :: Message Source:- file-"PngImagePlugin" & method-"call"
2024-08-07 08:06:26,229 :: DEBUG :: STREAM b'sRGB' 41 1 :: Message Source:- file-"PngImagePlugin" & method-"call"
2024-08-07 08:06:26,229 :: DEBUG :: STREAM b'gAMA' 54 4 :: Message Source:- file-"PngImagePlugin" & method-"call"
2024-08-07 08:06:26,229 :: DEBUG :: STREAM b'pHYs' 70 9 :: Message Source:- file-"PngImagePlugin" & method-"call"
2024-08-07 08:06:26,229 :: DEBUG :: STREAM b'IDAT' 91 7708 :: Message Source:- file-"PngImagePlugin" & method-"call"
2024-08-07 08:06:26,237 :: DEBUG :: STREAM b'IHDR' 16 13 :: Message Source:- file-"PngImagePlugin" & method-"call"
2024-08-07 08:06:26,238 :: DEBUG :: STREAM b'sRGB' 41 1 :: Message Source:- file-"PngImagePlugin" & method-"call"
2024-08-07 08:06:26,238 :: DEBUG :: STREAM b'gAMA' 54 4 :: Message Source:- file-"PngImagePlugin" & method-"call"
2024-08-07 08:06:26,238 :: DEBUG :: STREAM b'pHYs' 70 9 :: Message Source:- file-"PngImagePlugin" & method-"call"
2024-08-07 08:06:26,238 :: DEBUG :: STREAM b'IDAT' 91 7708 :: Message Source:- file-"PngImagePlugin" & method-"call"
2024-08-07 08:06:26,246 :: DEBUG :: STREAM b'IHDR' 16 13 :: Message Source:- file-"PngImagePlugin" & method-"call"
2024-08-07 08:06:26,246 :: DEBUG :: STREAM b'sRGB' 41 1 :: Message Source:- file-"PngImagePlugin" & method-"call"
2024-08-07 08:06:26,246 :: DEBUG :: STREAM b'gAMA' 54 4 :: Message Source:- file-"PngImagePlugin" & method-"call"
2024-08-07 08:06:26,246 :: DEBUG :: STREAM b'pHYs' 70 9 :: Message Source:- file-"PngImagePlugin" & method-"call"
2024-08-07 08:06:26,246 :: DEBUG :: STREAM b'IDAT' 91 7708 :: Message Source:- file-"PngImagePlugin" & method-"call"
2024-08-07 08:06:26,255 :: INFO :: Fetching data from Mantis completed :: Message Source:- file-"mantis_worknotes_notification" & method-"__get_data_from_mantis_api"
2024-08-07 08:06:26,256 :: INFO :: Sending data to MSMQ started :: Message Source:- file-"mantis_worknotes_notification" & method-"__send_data_to_queue"
2024-08-07 08:06:26,271 :: INFO :: Sent work note to queue: Issue Id - 5 :: Failure in third party API call not handled. getting very random error and not user friendly :: test2 :: Message Source:- file-"mantis_worknotes_notification" & method-"__send_notes_to_queue"
2024-08-07 08:06:26,273 :: INFO :: Sent work note to queue: Issue Id - 5 :: Failure in third party API call not handled. getting very random error and not user friendly :: test :: Message Source:- file-"mantis_worknotes_notification" & method-"__send_notes_to_queue"
2024-08-07 08:06:26,274 :: INFO :: Sent work note to queue: Issue Id - 5 :: Failure in third party API call not handled. getting very random error and not user friendly :: testing by Karan :: Message Source:- file-"mantis_worknotes_notification" & method-"__send_notes_to_queue"
2024-08-07 08:06:26,274 :: INFO :: Sending data to MSMQ ended - Data Successfully sent to queue :: Message Source:- file-"mantis_worknotes_notification" & method-"__send_data_to_queue"
2024-08-07 08:06:26,274 :: INFO :: MSMQ messages email trigger process started :: Message Source:- file-"mantis_worknotes_notification" & method-"__send_email"
2024-08-07 08:06:42,216 :: ERROR :: MSMQ messages email trigger process failed: Failed to send email for the Messages in queue: (554, b'5.2.0 STOREDRV.Submission.Exception:OutboundSpamException; Failed to process message due to a permanent exception with message [BeginDiagnosticData]WASCL UserAction verdict is not None. Actual verdict is RefuseQuota, ShowTierUpgrade. OutboundSpamException: WASCL UserAction verdict is not None. Actual verdict is RefuseQuota, ShowTierUpgrade.[EndDiagnosticData] [Hostname=SEYPR02MB5896.apcprd02.prod.outlook.com]') :: Message Source:- file-"mantis_worknotes_notification" & method-"__send_email"
2024-08-07 08:06:42,216 :: ERROR :: Mantis work-notes notification process failed : MSMQ messages email trigger process failed: Failed to send email for the Messages in queue: (554, b'5.2.0 STOREDRV.Submission.Exception:OutboundSpamException; Failed to process message due to a permanent exception with message [BeginDiagnosticData]WASCL UserAction verdict is not None. Actual verdict is RefuseQuota, ShowTierUpgrade. OutboundSpamException: WASCL UserAction verdict is not None. Actual verdict is RefuseQuota, ShowTierUpgrade.[EndDiagnosticData] [Hostname=SEYPR02MB5896.apcprd02.prod.outlook.com]') :: Message Source:- file-"mantis_worknotes_notification" & method-"mantis_worknotes_notification"
2024-08-07 08:08:23,463 :: INFO :: Mantis work-notes notification process started :: Message Source:- file-"mantis_worknotes_notification" & method-"mantis_worknotes_notification"
2024-08-07 08:08:23,463 :: INFO :: Fetching data from Mantis started :: Message Source:- file-"mantis_worknotes_notification" & method-"__get_data_from_mantis_api"
2024-08-07 08:08:23,502 :: DEBUG :: Starting new HTTP connection (1): localhost:8080 :: Message Source:- file-"connectionpool" & method-"_new_conn"
2024-08-07 08:08:23,680 :: DEBUG :: http://localhost:8080 "GET /mantis/api/rest/issues/5?project_id=1&page_size=50&page=1 HTTP/11" 200 11012 :: Message Source:- file-"connectionpool" & method-"_make_request"
2024-08-07 08:08:23,723 :: DEBUG :: STREAM b'IHDR' 16 13 :: Message Source:- file-"PngImagePlugin" & method-"call"
2024-08-07 08:08:23,723 :: DEBUG :: STREAM b'sRGB' 41 1 :: Message Source:- file-"PngImagePlugin" & method-"call"
2024-08-07 08:08:23,723 :: DEBUG :: STREAM b'gAMA' 54 4 :: Message Source:- file-"PngImagePlugin" & method-"call"
2024-08-07 08:08:23,723 :: DEBUG :: STREAM b'pHYs' 70 9 :: Message Source:- file-"PngImagePlugin" & method-"call"
2024-08-07 08:08:23,723 :: DEBUG :: STREAM b'IDAT' 91 7708 :: Message Source:- file-"PngImagePlugin" & method-"call"
2024-08-07 08:08:23,734 :: DEBUG :: STREAM b'IHDR' 16 13 :: Message Source:- file-"PngImagePlugin" & method-"call"
2024-08-07 08:08:23,734 :: DEBUG :: STREAM b'sRGB' 41 1 :: Message Source:- file-"PngImagePlugin" & method-"call"
2024-08-07 08:08:23,734 :: DEBUG :: STREAM b'gAMA' 54 4 :: Message Source:- file-"PngImagePlugin" & method-"call"
2024-08-07 08:08:23,734 :: DEBUG :: STREAM b'pHYs' 70 9 :: Message Source:- file-"PngImagePlugin" & method-"call"
2024-08-07 08:08:23,734 :: DEBUG :: STREAM b'IDAT' 91 7708 :: Message Source:- file-"PngImagePlugin" & method-"call"
2024-08-07 08:08:23,744 :: DEBUG :: STREAM b'IHDR' 16 13 :: Message Source:- file-"PngImagePlugin" & method-"call"
2024-08-07 08:08:23,745 :: DEBUG :: STREAM b'sRGB' 41 1 :: Message Source:- file-"PngImagePlugin" & method-"call"
2024-08-07 08:08:23,745 :: DEBUG :: STREAM b'gAMA' 54 4 :: Message Source:- file-"PngImagePlugin" & method-"call"
2024-08-07 08:08:23,745 :: DEBUG :: STREAM b'pHYs' 70 9 :: Message Source:- file-"PngImagePlugin" & method-"call"
2024-08-07 08:08:23,745 :: DEBUG :: STREAM b'IDAT' 91 7708 :: Message Source:- file-"PngImagePlugin" & method-"call"
2024-08-07 08:08:23,756 :: DEBUG :: STREAM b'IHDR' 16 13 :: Message Source:- file-"PngImagePlugin" & method-"call"
2024-08-07 08:08:23,756 :: DEBUG :: STREAM b'sRGB' 41 1 :: Message Source:- file-"PngImagePlugin" & method-"call"
2024-08-07 08:08:23,756 :: DEBUG :: STREAM b'gAMA' 54 4 :: Message Source:- file-"PngImagePlugin" & method-"call"
2024-08-07 08:08:23,756 :: DEBUG :: STREAM b'pHYs' 70 9 :: Message Source:- file-"PngImagePlugin" & method-"call"
2024-08-07 08:08:23,756 :: DEBUG :: STREAM b'IDAT' 91 7708 :: Message Source:- file-"PngImagePlugin" & method-"call"
2024-08-07 08:08:23,767 :: INFO :: Fetching data from Mantis completed :: Message Source:- file-"mantis_worknotes_notification" & method-"__get_data_from_mantis_api"
2024-08-07 08:08:23,767 :: INFO :: Sending data to MSMQ started :: Message Source:- file-"mantis_worknotes_notification" & method-"__send_data_to_queue"
2024-08-07 08:08:23,784 :: INFO :: Sent work note to queue: Issue Id - 5 :: Failure in third party API call not handled. getting very random error and not user friendly :: testing by Karan :: Message Source:- file-"mantis_worknotes_notification" & method-"__send_notes_to_queue"
2024-08-07 08:08:23,784 :: INFO :: Sending data to MSMQ ended - Data Successfully sent to queue :: Message Source:- file-"mantis_worknotes_notification" & method-"__send_data_to_queue"
2024-08-07 08:08:23,784 :: INFO :: MSMQ messages email trigger process started :: Message Source:- file-"mantis_worknotes_notification" & method-"__send_email"
2024-08-07 08:08:27,749 :: ERROR :: MSMQ messages email trigger process failed: Failed to send email for the Messages in queue: (554, b'5.2.0 STOREDRV.Submission.Exception:OutboundSpamException; Failed to process message due to a permanent exception with message [BeginDiagnosticData]WASCL UserAction verdict is not None. Actual verdict is RefuseQuota, ShowTierUpgrade. OutboundSpamException: WASCL UserAction verdict is not None. Actual verdict is RefuseQuota, ShowTierUpgrade.[EndDiagnosticData] [Hostname=SEYPR02MB5896.apcprd02.prod.outlook.com]') :: Message Source:- file-"mantis_worknotes_notification" & method-"__send_email"
2024-08-07 08:08:27,749 :: ERROR :: Mantis work-notes notification process failed : MSMQ messages email trigger process failed: Failed to send email for the Messages in queue: (554, b'5.2.0 STOREDRV.Submission.Exception:OutboundSpamException; Failed to process message due to a permanent exception with message [BeginDiagnosticData]WASCL UserAction verdict is not None. Actual verdict is RefuseQuota, ShowTierUpgrade. OutboundSpamException: WASCL UserAction verdict is not None. Actual verdict is RefuseQuota, ShowTierUpgrade.[EndDiagnosticData] [Hostname=SEYPR02MB5896.apcprd02.prod.outlook.com]') :: Message Source:- file-"mantis_worknotes_notification" & method-"mantis_worknotes_notification"
2024-08-07 08:09:03,249 :: INFO :: Mantis work-notes notification process started :: Message Source:- file-"mantis_worknotes_notification" & method-"mantis_worknotes_notification"
2024-08-07 08:09:03,249 :: INFO :: Fetching data from Mantis started :: Message Source:- file-"mantis_worknotes_notification" & method-"__get_data_from_mantis_api"
2024-08-07 08:09:03,305 :: DEBUG :: Starting new HTTP connection (1): localhost:8080 :: Message Source:- file-"connectionpool" & method-"_new_conn"
2024-08-07 08:09:03,840 :: DEBUG :: http://localhost:8080 "GET /mantis/api/rest/issues/5?project_id=1&page_size=50&page=1 HTTP/11" 200 11012 :: Message Source:- file-"connectionpool" & method-"_make_request"
2024-08-07 08:09:03,853 :: DEBUG :: STREAM b'IHDR' 16 13 :: Message Source:- file-"PngImagePlugin" & method-"call"
2024-08-07 08:09:03,853 :: DEBUG :: STREAM b'sRGB' 41 1 :: Message Source:- file-"PngImagePlugin" & method-"call"
2024-08-07 08:09:03,853 :: DEBUG :: STREAM b'gAMA' 54 4 :: Message Source:- file-"PngImagePlugin" & method-"call"
2024-08-07 08:09:03,853 :: DEBUG :: STREAM b'pHYs' 70 9 :: Message Source:- file-"PngImagePlugin" & method-"call"
2024-08-07 08:09:03,854 :: DEBUG :: STREAM b'IDAT' 91 7708 :: Message Source:- file-"PngImagePlugin" & method-"call"
2024-08-07 08:09:03,863 :: DEBUG :: STREAM b'IHDR' 16 13 :: Message Source:- file-"PngImagePlugin" & method-"call"
2024-08-07 08:09:03,863 :: DEBUG :: STREAM b'sRGB' 41 1 :: Message Source:- file-"PngImagePlugin" & method-"call"
2024-08-07 08:09:03,863 :: DEBUG :: STREAM b'gAMA' 54 4 :: Message Source:- file-"PngImagePlugin" & method-"call"
2024-08-07 08:09:03,863 :: DEBUG :: STREAM b'pHYs' 70 9 :: Message Source:- file-"PngImagePlugin" & method-"call"
2024-08-07 08:09:03,863 :: DEBUG :: STREAM b'IDAT' 91 7708 :: Message Source:- file-"PngImagePlugin" & method-"call"
2024-08-07 08:09:03,872 :: DEBUG :: STREAM b'IHDR' 16 13 :: Message Source:- file-"PngImagePlugin" & method-"call"
2024-08-07 08:09:03,872 :: DEBUG :: STREAM b'sRGB' 41 1 :: Message Source:- file-"PngImagePlugin" & method-"call"
2024-08-07 08:09:03,873 :: DEBUG :: STREAM b'gAMA' 54 4 :: Message Source:- file-"PngImagePlugin" & method-"call"
2024-08-07 08:09:03,873 :: DEBUG :: STREAM b'pHYs' 70 9 :: Message Source:- file-"PngImagePlugin" & method-"call"
2024-08-07 08:09:03,873 :: DEBUG :: STREAM b'IDAT' 91 7708 :: Message Source:- file-"PngImagePlugin" & method-"call"
2024-08-07 08:09:03,882 :: DEBUG :: STREAM b'IHDR' 16 13 :: Message Source:- file-"PngImagePlugin" & method-"call"
2024-08-07 08:09:03,882 :: DEBUG :: STREAM b'sRGB' 41 1 :: Message Source:- file-"PngImagePlugin" & method-"call"
2024-08-07 08:09:03,882 :: DEBUG :: STREAM b'gAMA' 54 4 :: Message Source:- file-"PngImagePlugin" & method-"call"
2024-08-07 08:09:03,882 :: DEBUG :: STREAM b'pHYs' 70 9 :: Message Source:- file-"PngImagePlugin" & method-"call"
2024-08-07 08:09:03,882 :: DEBUG :: STREAM b'IDAT' 91 7708 :: Message Source:- file-"PngImagePlugin" & method-"call"
2024-08-07 08:09:03,892 :: INFO :: Fetching data from Mantis completed :: Message Source:- file-"mantis_worknotes_notification" & method-"__get_data_from_mantis_api"
2024-08-07 08:09:03,892 :: INFO :: Sending data to MSMQ started :: Message Source:- file-"mantis_worknotes_notification" & method-"__send_data_to_queue"
2024-08-07 08:09:03,906 :: INFO :: Sent work note to queue: Issue Id - 5 :: Failure in third party API call not handled. getting very random error and not user friendly :: testing by Karan :: Message Source:- file-"mantis_worknotes_notification" & method-"__send_notes_to_queue"
2024-08-07 08:09:03,907 :: INFO :: Sending data to MSMQ ended - Data Successfully sent to queue :: Message Source:- file-"mantis_worknotes_notification" & method-"__send_data_to_queue"
2024-08-07 08:09:03,907 :: INFO :: MSMQ messages email trigger process started :: Message Source:- file-"mantis_worknotes_notification" & method-"__send_email"
2024-08-07 08:09:08,086 :: ERROR :: MSMQ messages email trigger process failed: Failed to send email for the Messages in queue: (554, b'5.2.0 STOREDRV.Submission.Exception:OutboundSpamException; Failed to process message due to a permanent exception with message [BeginDiagnosticData]WASCL UserAction verdict is not None. Actual verdict is RefuseQuota, ShowTierUpgrade. OutboundSpamException: WASCL UserAction verdict is not None. Actual verdict is RefuseQuota, ShowTierUpgrade.[EndDiagnosticData] [Hostname=SEYPR02MB5896.apcprd02.prod.outlook.com]') :: Message Source:- file-"mantis_worknotes_notification" & method-"__send_email"
2024-08-07 08:09:08,086 :: ERROR :: Mantis work-notes notification process failed : MSMQ messages email trigger process failed: Failed to send email for the Messages in queue: (554, b'5.2.0 STOREDRV.Submission.Exception:OutboundSpamException; Failed to process message due to a permanent exception with message [BeginDiagnosticData]WASCL UserAction verdict is not None. Actual verdict is RefuseQuota, ShowTierUpgrade. OutboundSpamException: WASCL UserAction verdict is not None. Actual verdict is RefuseQuota, ShowTierUpgrade.[EndDiagnosticData] [Hostname=SEYPR02MB5896.apcprd02.prod.outlook.com]') :: Message Source:- file-"mantis_worknotes_notification" & method-"mantis_worknotes_notification"
2024-08-07 08:11:23,021 :: INFO :: Mantis work-notes notification process started :: Message Source:- file-"mantis_worknotes_notification" & method-"mantis_worknotes_notification"
2024-08-07 08:11:23,021 :: INFO :: Fetching data from Mantis started :: Message Source:- file-"mantis_worknotes_notification" & method-"__get_data_from_mantis_api"
2024-08-07 08:11:23,059 :: DEBUG :: Starting new HTTP connection (1): localhost:8080 :: Message Source:- file-"connectionpool" & method-"_new_conn"
2024-08-07 08:11:23,372 :: DEBUG :: http://localhost:8080 "GET /mantis/api/rest/issues/5?project_id=1&page_size=50&page=1 HTTP/11" 200 11012 :: Message Source:- file-"connectionpool" & method-"_make_request"
2024-08-07 08:11:23,403 :: DEBUG :: STREAM b'IHDR' 16 13 :: Message Source:- file-"PngImagePlugin" & method-"call"
2024-08-07 08:11:23,403 :: DEBUG :: STREAM b'sRGB' 41 1 :: Message Source:- file-"PngImagePlugin" & method-"call"
2024-08-07 08:11:23,403 :: DEBUG :: STREAM b'gAMA' 54 4 :: Message Source:- file-"PngImagePlugin" & method-"call"
2024-08-07 08:11:23,403 :: DEBUG :: STREAM b'pHYs' 70 9 :: Message Source:- file-"PngImagePlugin" & method-"call"
2024-08-07 08:11:23,403 :: DEBUG :: STREAM b'IDAT' 91 7708 :: Message Source:- file-"PngImagePlugin" & method-"call"
2024-08-07 08:11:23,412 :: DEBUG :: STREAM b'IHDR' 16 13 :: Message Source:- file-"PngImagePlugin" & method-"call"
2024-08-07 08:11:23,413 :: DEBUG :: STREAM b'sRGB' 41 1 :: Message Source:- file-"PngImagePlugin" & method-"call"
2024-08-07 08:11:23,413 :: DEBUG :: STREAM b'gAMA' 54 4 :: Message Source:- file-"PngImagePlugin" & method-"call"
2024-08-07 08:11:23,413 :: DEBUG :: STREAM b'pHYs' 70 9 :: Message Source:- file-"PngImagePlugin" & method-"call"
2024-08-07 08:11:23,413 :: DEBUG :: STREAM b'IDAT' 91 7708 :: Message Source:- file-"PngImagePlugin" & method-"call"
2024-08-07 08:11:23,422 :: DEBUG :: STREAM b'IHDR' 16 13 :: Message Source:- file-"PngImagePlugin" & method-"call"
2024-08-07 08:11:23,422 :: DEBUG :: STREAM b'sRGB' 41 1 :: Message Source:- file-"PngImagePlugin" & method-"call"
2024-08-07 08:11:23,422 :: DEBUG :: STREAM b'gAMA' 54 4 :: Message Source:- file-"PngImagePlugin" & method-"call"
2024-08-07 08:11:23,422 :: DEBUG :: STREAM b'pHYs' 70 9 :: Message Source:- file-"PngImagePlugin" & method-"call"
2024-08-07 08:11:23,422 :: DEBUG :: STREAM b'IDAT' 91 7708 :: Message Source:- file-"PngImagePlugin" & method-"call"
2024-08-07 08:11:23,431 :: DEBUG :: STREAM b'IHDR' 16 13 :: Message Source:- file-"PngImagePlugin" & method-"call"
2024-08-07 08:11:23,431 :: DEBUG :: STREAM b'sRGB' 41 1 :: Message Source:- file-"PngImagePlugin" & method-"call"
2024-08-07 08:11:23,432 :: DEBUG :: STREAM b'gAMA' 54 4 :: Message Source:- file-"PngImagePlugin" & method-"call"
2024-08-07 08:11:23,432 :: DEBUG :: STREAM b'pHYs' 70 9 :: Message Source:- file-"PngImagePlugin" & method-"call"
2024-08-07 08:11:23,432 :: DEBUG :: STREAM b'IDAT' 91 7708 :: Message Source:- file-"PngImagePlugin" & method-"call"
2024-08-07 08:11:23,441 :: INFO :: Fetching data from Mantis completed :: Message Source:- file-"mantis_worknotes_notification" & method-"__get_data_from_mantis_api"
2024-08-07 08:11:23,441 :: INFO :: Sending data to MSMQ started :: Message Source:- file-"mantis_worknotes_notification" & method-"__send_data_to_queue"
2024-08-07 08:11:23,456 :: INFO :: Sent work note to queue: Issue Id - 5 :: Failure in third party API call not handled. getting very random error and not user friendly :: testing by Karan :: Message Source:- file-"mantis_worknotes_notification" & method-"__send_notes_to_queue"
2024-08-07 08:11:23,458 :: INFO :: Sending data to MSMQ ended - Data Successfully sent to queue :: Message Source:- file-"mantis_worknotes_notification" & method-"__send_data_to_queue"
2024-08-07 08:11:23,458 :: INFO :: MSMQ messages email trigger process started :: Message Source:- file-"mantis_worknotes_notification" & method-"__send_email"
2024-08-07 08:11:27,324 :: ERROR :: MSMQ messages email trigger process failed: Failed to send email for the Messages in queue: (554, b'5.2.0 STOREDRV.Submission.Exception:OutboundSpamException; Failed to process message due to a permanent exception with message [BeginDiagnosticData]WASCL UserAction verdict is not None. Actual verdict is RefuseQuota, ShowTierUpgrade. OutboundSpamException: WASCL UserAction verdict is not None. Actual verdict is RefuseQuota, ShowTierUpgrade.[EndDiagnosticData] [Hostname=SEYPR02MB5896.apcprd02.prod.outlook.com]') :: Message Source:- file-"mantis_worknotes_notification" & method-"__send_email"
2024-08-07 08:11:27,324 :: ERROR :: Mantis work-notes notification process failed : MSMQ messages email trigger process failed: Failed to send email for the Messages in queue: (554, b'5.2.0 STOREDRV.Submission.Exception:OutboundSpamException; Failed to process message due to a permanent exception with message [BeginDiagnosticData]WASCL UserAction verdict is not None. Actual verdict is RefuseQuota, ShowTierUpgrade. OutboundSpamException: WASCL UserAction verdict is not None. Actual verdict is RefuseQuota, ShowTierUpgrade.[EndDiagnosticData] [Hostname=SEYPR02MB5896.apcprd02.prod.outlook.com]') :: Message Source:- file-"mantis_worknotes_notification" & method-"mantis_worknotes_notification"
